# JRE version: Java(TM) SE Runtime Environment (7.0_80-b05) (build 1.7.0_80-ea-b05)
# Java VM: Java HotSpot(TM) 64-Bit Server VM (24.80-b07 mixed mode linux-amd64 compressed oops)
Heap
 PSYoungGen      total 143872K, used 128K [0x00000000f5500000, 0x00000000fe280000, 0x0000000100000000)
  eden space 142848K, 0% used [0x00000000f5500000,0x00000000f5500000,0x00000000fe080000)
  from space 1024K, 12% used [0x00000000fe080000,0x00000000fe0a0000,0x00000000fe180000)
  to   space 1024K, 0% used [0x00000000fe180000,0x00000000fe180000,0x00000000fe280000)
 ParOldGen       total 133120K, used 107051K [0x00000000e0000000, 0x00000000e8200000, 0x00000000f5500000)
  object space 133120K, 80% used [0x00000000e0000000,0x00000000e688ad38,0x00000000e8200000)
 PSPermGen       total 143360K, used 143187K [0x00000000d0000000, 0x00000000d8c00000, 0x00000000e0000000)
  object space 143360K, 99% used [0x00000000d0000000,0x00000000d8bd4d90,0x00000000d8c00000)
GC Heap History (10 events):
Event: 385942.810 GC heap after
Heap after GC invocations=12944 (full 6413):
 PSYoungGen      total 143872K, used 128K [0x00000000f5500000, 0x00000000fe280000, 0x0000000100000000)
  eden space 142848K, 0% used [0x00000000f5500000,0x00000000f5500000,0x00000000fe080000)
  from space 1024K, 12% used [0x00000000fe080000,0x00000000fe0a0000,0x00000000fe180000)
  to   space 1024K, 0% used [0x00000000fe180000,0x00000000fe180000,0x00000000fe280000)
 ParOldGen       total 133120K, used 107224K [0x00000000e0000000, 0x00000000e8200000, 0x00000000f5500000)
  object space 133120K, 80% used [0x00000000e0000000,0x00000000e68b61a8,0x00000000e8200000)
 PSPermGen       total 143360K, used 143187K [0x00000000d0000000, 0x00000000d8c00000, 0x00000000e0000000)
  object space 143360K, 99% used [0x00000000d0000000,0x00000000d8bd4d90,0x00000000d8c00000)
}
Event: 385942.810 GC heap before
{Heap before GC invocations=12945 (full 6414):
 PSYoungGen      total 143872K, used 128K [0x00000000f5500000, 0x00000000fe280000, 0x0000000100000000)
  eden space 142848K, 0% used [0x00000000f5500000,0x00000000f5500000,0x00000000fe080000)
  from space 1024K, 12% used [0x00000000fe080000,0x00000000fe0a0000,0x00000000fe180000)
  to   space 1024K, 0% used [0x00000000fe180000,0x00000000fe180000,0x00000000fe280000)
 ParOldGen       total 133120K, used 107224K [0x00000000e0000000, 0x00000000e8200000, 0x00000000f5500000)
  object space 133120K, 80% used [0x00000000e0000000,0x00000000e68b61a8,0x00000000e8200000)
 PSPermGen       total 143360K, used 143187K [0x00000000d0000000, 0x00000000d8c00000, 0x00000000e0000000)
  object space 143360K, 99% used [0x00000000d0000000,0x00000000d8bd4d90,0x00000000d8c00000)
Event: 385942.962 GC heap after
Heap after GC invocations=12945 (full 6414):
 PSYoungGen      total 143872K, used 0K [0x00000000f5500000, 0x00000000fe280000, 0x0000000100000000)
  eden space 142848K, 0% used [0x00000000f5500000,0x00000000f5500000,0x00000000fe080000)
  from space 1024K, 0% used [0x00000000fe080000,0x00000000fe080000,0x00000000fe180000)
  to   space 1024K, 0% used [0x00000000fe180000,0x00000000fe180000,0x00000000fe280000)
 ParOldGen       total 133120K, used 107048K [0x00000000e0000000, 0x00000000e8200000, 0x00000000f5500000)
  object space 133120K, 80% used [0x00000000e0000000,0x00000000e688a260,0x00000000e8200000)
 PSPermGen       total 143360K, used 143187K [0x00000000d0000000, 0x00000000d8c00000, 0x00000000e0000000)
  object space 143360K, 99% used [0x00000000d0000000,0x00000000d8bd4d90,0x00000000d8c00000)
}
Event: 386002.806 GC heap before
{Heap before GC invocations=12946 (full 6414):
 PSYoungGen      total 143872K, used 2915K [0x00000000f5500000, 0x00000000fe280000, 0x0000000100000000)
  eden space 142848K, 2% used [0x00000000f5500000,0x00000000f57d8c38,0x00000000fe080000)
  from space 1024K, 0% used [0x00000000fe080000,0x00000000fe080000,0x00000000fe180000)
  to   space 1024K, 0% used [0x00000000fe180000,0x00000000fe180000,0x00000000fe280000)
 ParOldGen       total 133120K, used 107048K [0x00000000e0000000, 0x00000000e8200000, 0x00000000f5500000)
  object space 133120K, 80% used [0x00000000e0000000,0x00000000e688a260,0x00000000e8200000)
 PSPermGen       total 143360K, used 143187K [0x00000000d0000000, 0x00000000d8c00000, 0x00000000e0000000)
  object space 143360K, 99% used [0x00000000d0000000,0x00000000d8bd4d90,0x00000000d8c00000)
Event: 386002.810 GC heap after
Heap after GC invocations=12946 (full 6414):
 PSYoungGen      total 143872K, used 128K [0x00000000f5500000, 0x00000000fe280000, 0x0000000100000000)
  eden space 142848K, 0% used [0x00000000f5500000,0x00000000f5500000,0x00000000fe080000)
  from space 1024K, 12% used [0x00000000fe180000,0x00000000fe1a0000,0x00000000fe280000)
  to   space 1024K, 0% used [0x00000000fe080000,0x00000000fe080000,0x00000000fe180000)
 ParOldGen       total 133120K, used 107048K [0x00000000e0000000, 0x00000000e8200000, 0x00000000f5500000)
  object space 133120K, 80% used [0x00000000e0000000,0x00000000e688a260,0x00000000e8200000)
 PSPermGen       total 143360K, used 143187K [0x00000000d0000000, 0x00000000d8c00000, 0x00000000e0000000)
  object space 143360K, 99% used [0x00000000d0000000,0x00000000d8bd4d90,0x00000000d8c00000)
}
Event: 386002.810 GC heap before
{Heap before GC invocations=12947 (full 6415):
 PSYoungGen      total 143872K, used 128K [0x00000000f5500000, 0x00000000fe280000, 0x0000000100000000)
  eden space 142848K, 0% used [0x00000000f5500000,0x00000000f5500000,0x00000000fe080000)
  from space 1024K, 12% used [0x00000000fe180000,0x00000000fe1a0000,0x00000000fe280000)
  to   space 1024K, 0% used [0x00000000fe080000,0x00000000fe080000,0x00000000fe180000)
 ParOldGen       total 133120K, used 107048K [0x00000000e0000000, 0x00000000e8200000, 0x00000000f5500000)
  object space 133120K, 80% used [0x00000000e0000000,0x00000000e688a260,0x00000000e8200000)
 PSPermGen       total 143360K, used 143187K [0x00000000d0000000, 0x00000000d8c00000, 0x00000000e0000000)
  object space 143360K, 99% used [0x00000000d0000000,0x00000000d8bd4d90,0x00000000d8c00000)
Event: 386002.958 GC heap after
Heap after GC invocations=12947 (full 6415):
 PSYoungGen      total 143872K, used 0K [0x00000000f5500000, 0x00000000fe280000, 0x0000000100000000)
  eden space 142848K, 0% used [0x00000000f5500000,0x00000000f5500000,0x00000000fe080000)
  from space 1024K, 0% used [0x00000000fe180000,0x00000000fe180000,0x00000000fe280000)
  to   space 1024K, 0% used [0x00000000fe080000,0x00000000fe080000,0x00000000fe180000)
 ParOldGen       total 133120K, used 107051K [0x00000000e0000000, 0x00000000e8200000, 0x00000000f5500000)
  object space 133120K, 80% used [0x00000000e0000000,0x00000000e688ad38,0x00000000e8200000)
 PSPermGen       total 143360K, used 143187K [0x00000000d0000000, 0x00000000d8c00000, 0x00000000e0000000)
  object space 143360K, 99% used [0x00000000d0000000,0x00000000d8bd4d90,0x00000000d8c00000)
}
Event: 386062.807 GC heap before
{Heap before GC invocations=12948 (full 6415):
 PSYoungGen      total 143872K, used 2915K [0x00000000f5500000, 0x00000000fe280000, 0x0000000100000000)
  eden space 142848K, 2% used [0x00000000f5500000,0x00000000f57d8c38,0x00000000fe080000)
  from space 1024K, 0% used [0x00000000fe180000,0x00000000fe180000,0x00000000fe280000)
  to   space 1024K, 0% used [0x00000000fe080000,0x00000000fe080000,0x00000000fe180000)
 ParOldGen       total 133120K, used 107051K [0x00000000e0000000, 0x00000000e8200000, 0x00000000f5500000)
  object space 133120K, 80% used [0x00000000e0000000,0x00000000e688ad38,0x00000000e8200000)
 PSPermGen       total 143360K, used 143187K [0x00000000d0000000, 0x00000000d8c00000, 0x00000000e0000000)
  object space 143360K, 99% used [0x00000000d0000000,0x00000000d8bd4d90,0x00000000d8c00000)
Event: 386062.819 GC heap after
Heap after GC invocations=12948 (full 6415):
 PSYoungGen      total 143872K, used 128K [0x00000000f5500000, 0x00000000fe280000, 0x0000000100000000)
  eden space 142848K, 0% used [0x00000000f5500000,0x00000000f5500000,0x00000000fe080000)
  from space 1024K, 12% used [0x00000000fe080000,0x00000000fe0a0000,0x00000000fe180000)
  to   space 1024K, 0% used [0x00000000fe180000,0x00000000fe180000,0x00000000fe280000)
 ParOldGen       total 133120K, used 107051K [0x00000000e0000000, 0x00000000e8200000, 0x00000000f5500000)
  object space 133120K, 80% used [0x00000000e0000000,0x00000000e688ad38,0x00000000e8200000)
 PSPermGen       total 143360K, used 143187K [0x00000000d0000000, 0x00000000d8c00000, 0x00000000e0000000)
  object space 143360K, 99% used [0x00000000d0000000,0x00000000d8bd4d90,0x00000000d8c00000)
}
Event: 386062.819 GC heap before
{Heap before GC invocations=12949 (full 6416):
 PSYoungGen      total 143872K, used 128K [0x00000000f5500000, 0x00000000fe280000, 0x0000000100000000)
  eden space 142848K, 0% used [0x00000000f5500000,0x00000000f5500000,0x00000000fe080000)
  from space 1024K, 12% used [0x00000000fe080000,0x00000000fe0a0000,0x00000000fe180000)
  to   space 1024K, 0% used [0x00000000fe180000,0x00000000fe180000,0x00000000fe280000)
 ParOldGen       total 133120K, used 107051K [0x00000000e0000000, 0x00000000e8200000, 0x00000000f5500000)
  object space 133120K, 80% used [0x00000000e0000000,0x00000000e688ad38,0x00000000e8200000)
 PSPermGen       total 143360K, used 143187K [0x00000000d0000000, 0x00000000d8c00000, 0x00000000e0000000)
  object space 143360K, 99% used [0x00000000d0000000,0x00000000d8bd4d90,0x00000000d8c00000)

